[debug] [2021-08-10T06:49:25.274Z] ----------------------------------------------------------------------
[debug] [2021-08-10T06:49:25.284Z] Command:       C:\Program Files\nodejs\node.exe C:\Users\K3vinn\AppData\Roaming\npm\node_modules\firebase-tools\lib\bin\firebase.js deploy
[debug] [2021-08-10T06:49:25.286Z] CLI Version:   9.16.0
[debug] [2021-08-10T06:49:25.287Z] Platform:      win32
[debug] [2021-08-10T06:49:25.287Z] Node Version:  v14.17.3
[debug] [2021-08-10T06:49:25.366Z] Time:          Tue Aug 10 2021 12:19:25 GMT+0530 (India Standard Time)
[debug] [2021-08-10T06:49:25.367Z] ----------------------------------------------------------------------
[debug] 
[debug] [2021-08-10T06:49:25.756Z] > command requires scopes: ["email","openid","https://www.googleapis.com/auth/cloudplatformprojects.readonly","https://www.googleapis.com/auth/firebase","https://www.googleapis.com/auth/cloud-platform"]
[debug] [2021-08-10T06:49:25.757Z] > authorizing via signed-in user (manasupadhyay1318@gmail.com)
[debug] [2021-08-10T06:49:25.757Z] [iam] checking project e-clone-53ce2 for permissions ["firebase.projects.get","firebasehosting.sites.update"]
[debug] [2021-08-10T06:49:25.770Z] > refreshing access token with scopes: ["email","https://www.googleapis.com/auth/cloud-platform","https://www.googleapis.com/auth/cloudplatformprojects.readonly","https://www.googleapis.com/auth/firebase","openid"]
[debug] [2021-08-10T06:49:25.771Z] >>> HTTP REQUEST POST https://www.googleapis.com/oauth2/v3/token  
 <request body omitted>
[debug] [2021-08-10T06:49:47.872Z] [iam] error while checking permissions, command may fail: FirebaseError: Authentication Error: Your credentials are no longer valid. Please run firebase login --reauth

For CI servers and headless environments, generate a new token with firebase login:ci
[debug] [2021-08-10T06:49:47.879Z] >>> [apiv2][query] GET https://firebase.googleapis.com/v1beta1/projects/e-clone-53ce2 [none]
[debug] [2021-08-10T06:50:09.020Z] Failed to make request to https://firebase.googleapis.com/v1beta1/projects/e-clone-53ce2
[debug] [2021-08-10T06:50:10.809Z] FirebaseError: Failed to make request to https://firebase.googleapis.com/v1beta1/projects/e-clone-53ce2
    at Client.doRequest (C:\Users\K3vinn\AppData\Roaming\npm\node_modules\firebase-tools\lib\apiv2.js:211:19)
    at processTicksAndRejections (internal/process/task_queues.js:95:5)
    at async Client.request (C:\Users\K3vinn\AppData\Roaming\npm\node_modules\firebase-tools\lib\apiv2.js:96:20)
    at async Object.getFirebaseProject (C:\Users\K3vinn\AppData\Roaming\npm\node_modules\firebase-tools\lib\management\projects.js:290:21)
    at async Object.getDefaultHostingSite (C:\Users\K3vinn\AppData\Roaming\npm\node_modules\firebase-tools\lib\getDefaultHostingSite.js:8:21)
    at async requireHostingSite (C:\Users\K3vinn\AppData\Roaming\npm\node_modules\firebase-tools\lib\requireHostingSite.js:9:18)
    at async Object.fn (C:\Users\K3vinn\AppData\Roaming\npm\node_modules\firebase-tools\lib\commands\deploy.js:65:9)
    at async C:\Users\K3vinn\AppData\Roaming\npm\node_modules\firebase-tools\lib\command.js:169:17
[error] 
[error] Error: Failed to get Firebase project e-clone-53ce2. Please make sure the project exists and your account has permission to access it.
[debug] [2021-08-10T09:54:16.819Z] ----------------------------------------------------------------------
[debug] [2021-08-10T09:54:16.829Z] Command:       C:\Program Files\nodejs\node.exe C:\Users\K3vinn\AppData\Roaming\npm\node_modules\firebase-tools\lib\bin\firebase.js deploy
[debug] [2021-08-10T09:54:16.830Z] CLI Version:   9.16.0
[debug] [2021-08-10T09:54:16.830Z] Platform:      win32
[debug] [2021-08-10T09:54:16.831Z] Node Version:  v14.17.3
[debug] [2021-08-10T09:54:17.172Z] Time:          Tue Aug 10 2021 15:24:16 GMT+0530 (India Standard Time)
[debug] [2021-08-10T09:54:17.173Z] ----------------------------------------------------------------------
[debug] 
[debug] [2021-08-10T09:54:17.693Z] > command requires scopes: ["email","openid","https://www.googleapis.com/auth/cloudplatformprojects.readonly","https://www.googleapis.com/auth/firebase","https://www.googleapis.com/auth/cloud-platform"]
[debug] [2021-08-10T09:54:17.694Z] > authorizing via signed-in user (manasupadhyay1318@gmail.com)
[debug] [2021-08-10T09:54:17.694Z] [iam] checking project e-clone-53ce2 for permissions ["firebase.projects.get","firebasehosting.sites.update"]
[debug] [2021-08-10T09:54:17.742Z] > refreshing access token with scopes: ["email","https://www.googleapis.com/auth/cloud-platform","https://www.googleapis.com/auth/cloudplatformprojects.readonly","https://www.googleapis.com/auth/firebase","openid"]
[debug] [2021-08-10T09:54:17.743Z] >>> HTTP REQUEST POST https://www.googleapis.com/oauth2/v3/token  
 <request body omitted>
[debug] [2021-08-10T09:54:18.785Z] [iam] error while checking permissions, command may fail: FirebaseError: Authentication Error: Your credentials are no longer valid. Please run firebase login --reauth

For CI servers and headless environments, generate a new token with firebase login:ci
[debug] [2021-08-10T09:54:18.788Z] > refreshing access token with scopes: []
[debug] [2021-08-10T09:54:18.788Z] >>> HTTP REQUEST POST https://www.googleapis.com/oauth2/v3/token  
 <request body omitted>
[debug] [2021-08-10T09:54:18.834Z] Authentication Error: Your credentials are no longer valid. Please run firebase login --reauth

For CI servers and headless environments, generate a new token with firebase login:ci
[debug] [2021-08-10T09:54:19.156Z] FirebaseError: Authentication Error: Your credentials are no longer valid. Please run firebase login --reauth

For CI servers and headless environments, generate a new token with firebase login:ci
    at invalidCredentialError (C:\Users\K3vinn\AppData\Roaming\npm\node_modules\firebase-tools\lib\auth.js:141:12)
    at refreshTokens (C:\Users\K3vinn\AppData\Roaming\npm\node_modules\firebase-tools\lib\auth.js:448:15)
    at processTicksAndRejections (internal/process/task_queues.js:95:5)
    at async Client.getAccessToken (C:\Users\K3vinn\AppData\Roaming\npm\node_modules\firebase-tools\lib\apiv2.js:144:23)
    at async Client.addAuthHeader (C:\Users\K3vinn\AppData\Roaming\npm\node_modules\firebase-tools\lib\apiv2.js:135:21)
    at async Client.request (C:\Users\K3vinn\AppData\Roaming\npm\node_modules\firebase-tools\lib\apiv2.js:93:34)
    at async Object.getFirebaseProject (C:\Users\K3vinn\AppData\Roaming\npm\node_modules\firebase-tools\lib\management\projects.js:290:21)
    at async Object.getDefaultHostingSite (C:\Users\K3vinn\AppData\Roaming\npm\node_modules\firebase-tools\lib\getDefaultHostingSite.js:8:21)
    at async requireHostingSite (C:\Users\K3vinn\AppData\Roaming\npm\node_modules\firebase-tools\lib\requireHostingSite.js:9:18)
    at async Object.fn (C:\Users\K3vinn\AppData\Roaming\npm\node_modules\firebase-tools\lib\commands\deploy.js:65:9)
    at async C:\Users\K3vinn\AppData\Roaming\npm\node_modules\firebase-tools\lib\command.js:169:17
[error] 
[error] Error: Failed to get Firebase project e-clone-53ce2. Please make sure the project exists and your account has permission to access it.
[debug] [2021-08-10T10:03:40.127Z] ----------------------------------------------------------------------
[debug] [2021-08-10T10:03:40.133Z] Command:       C:\Program Files\nodejs\node.exe C:\Users\K3vinn\AppData\Roaming\npm\node_modules\firebase-tools\lib\bin\firebase.js deploy
[debug] [2021-08-10T10:03:40.134Z] CLI Version:   9.16.0
[debug] [2021-08-10T10:03:40.135Z] Platform:      win32
[debug] [2021-08-10T10:03:40.135Z] Node Version:  v14.17.3
[debug] [2021-08-10T10:03:40.254Z] Time:          Tue Aug 10 2021 15:33:40 GMT+0530 (India Standard Time)
[debug] [2021-08-10T10:03:40.255Z] ----------------------------------------------------------------------
[debug] 
[debug] [2021-08-10T10:03:40.545Z] > command requires scopes: ["email","openid","https://www.googleapis.com/auth/cloudplatformprojects.readonly","https://www.googleapis.com/auth/firebase","https://www.googleapis.com/auth/cloud-platform"]
[debug] [2021-08-10T10:03:40.546Z] > authorizing via signed-in user (manasupadhyay1318@gmail.com)
[debug] [2021-08-10T10:03:40.547Z] [iam] checking project e-clone-53ce2 for permissions ["firebase.projects.get","firebasehosting.sites.update"]
[debug] [2021-08-10T10:03:40.593Z] > refreshing access token with scopes: ["email","https://www.googleapis.com/auth/cloud-platform","https://www.googleapis.com/auth/cloudplatformprojects.readonly","https://www.googleapis.com/auth/firebase","openid"]
[debug] [2021-08-10T10:03:40.595Z] >>> HTTP REQUEST POST https://www.googleapis.com/oauth2/v3/token  
 <request body omitted>
[debug] [2021-08-10T10:04:02.332Z] [iam] error while checking permissions, command may fail: FirebaseError: Authentication Error: Your credentials are no longer valid. Please run firebase login --reauth

For CI servers and headless environments, generate a new token with firebase login:ci
[debug] [2021-08-10T10:04:02.336Z] > refreshing access token with scopes: []
[debug] [2021-08-10T10:04:02.337Z] >>> HTTP REQUEST POST https://www.googleapis.com/oauth2/v3/token  
 <request body omitted>
[debug] [2021-08-10T10:04:23.456Z] Authentication Error: Your credentials are no longer valid. Please run firebase login --reauth

For CI servers and headless environments, generate a new token with firebase login:ci
[debug] [2021-08-10T10:04:24.238Z] FirebaseError: Authentication Error: Your credentials are no longer valid. Please run firebase login --reauth

For CI servers and headless environments, generate a new token with firebase login:ci
    at invalidCredentialError (C:\Users\K3vinn\AppData\Roaming\npm\node_modules\firebase-tools\lib\auth.js:141:12)
    at refreshTokens (C:\Users\K3vinn\AppData\Roaming\npm\node_modules\firebase-tools\lib\auth.js:448:15)
    at processTicksAndRejections (internal/process/task_queues.js:95:5)
    at async Client.getAccessToken (C:\Users\K3vinn\AppData\Roaming\npm\node_modules\firebase-tools\lib\apiv2.js:144:23)
    at async Client.addAuthHeader (C:\Users\K3vinn\AppData\Roaming\npm\node_modules\firebase-tools\lib\apiv2.js:135:21)
    at async Client.request (C:\Users\K3vinn\AppData\Roaming\npm\node_modules\firebase-tools\lib\apiv2.js:93:34)
    at async Object.getFirebaseProject (C:\Users\K3vinn\AppData\Roaming\npm\node_modules\firebase-tools\lib\management\projects.js:290:21)
    at async Object.getDefaultHostingSite (C:\Users\K3vinn\AppData\Roaming\npm\node_modules\firebase-tools\lib\getDefaultHostingSite.js:8:21)
    at async requireHostingSite (C:\Users\K3vinn\AppData\Roaming\npm\node_modules\firebase-tools\lib\requireHostingSite.js:9:18)
    at async Object.fn (C:\Users\K3vinn\AppData\Roaming\npm\node_modules\firebase-tools\lib\commands\deploy.js:65:9)
    at async C:\Users\K3vinn\AppData\Roaming\npm\node_modules\firebase-tools\lib\command.js:169:17
[error] 
[error] Error: Failed to get Firebase project e-clone-53ce2. Please make sure the project exists and your account has permission to access it.
[debug] [2021-08-10T10:32:37.825Z] ----------------------------------------------------------------------
[debug] [2021-08-10T10:32:37.836Z] Command:       C:\Program Files\nodejs\node.exe C:\Users\K3vinn\AppData\Roaming\npm\node_modules\firebase-tools\lib\bin\firebase.js deploy
[debug] [2021-08-10T10:32:37.837Z] CLI Version:   9.16.0
[debug] [2021-08-10T10:32:37.838Z] Platform:      win32
[debug] [2021-08-10T10:32:37.838Z] Node Version:  v14.17.3
[debug] [2021-08-10T10:32:37.919Z] Time:          Tue Aug 10 2021 16:02:37 GMT+0530 (India Standard Time)
[debug] [2021-08-10T10:32:37.920Z] ----------------------------------------------------------------------
[debug] 
[debug] [2021-08-10T10:32:38.269Z] > command requires scopes: ["email","openid","https://www.googleapis.com/auth/cloudplatformprojects.readonly","https://www.googleapis.com/auth/firebase","https://www.googleapis.com/auth/cloud-platform"]
[debug] [2021-08-10T10:32:38.270Z] > authorizing via signed-in user (manasupadhyay1318@gmail.com)
[debug] [2021-08-10T10:32:38.270Z] [iam] checking project e-clone-53ce2 for permissions ["firebase.projects.get","firebasehosting.sites.update"]
[debug] [2021-08-10T10:32:38.309Z] > refreshing access token with scopes: ["email","https://www.googleapis.com/auth/cloud-platform","https://www.googleapis.com/auth/cloudplatformprojects.readonly","https://www.googleapis.com/auth/firebase","openid"]
[debug] [2021-08-10T10:32:38.310Z] >>> HTTP REQUEST POST https://www.googleapis.com/oauth2/v3/token  
 <request body omitted>
[debug] [2021-08-10T10:32:59.984Z] [iam] error while checking permissions, command may fail: FirebaseError: Authentication Error: Your credentials are no longer valid. Please run firebase login --reauth

For CI servers and headless environments, generate a new token with firebase login:ci
[debug] [2021-08-10T10:32:59.992Z] > refreshing access token with scopes: []
[debug] [2021-08-10T10:32:59.993Z] >>> HTTP REQUEST POST https://www.googleapis.com/oauth2/v3/token  
 <request body omitted>
[debug] [2021-08-10T10:33:21.064Z] Authentication Error: Your credentials are no longer valid. Please run firebase login --reauth

For CI servers and headless environments, generate a new token with firebase login:ci
[debug] [2021-08-10T10:33:21.849Z] FirebaseError: Authentication Error: Your credentials are no longer valid. Please run firebase login --reauth

For CI servers and headless environments, generate a new token with firebase login:ci
    at invalidCredentialError (C:\Users\K3vinn\AppData\Roaming\npm\node_modules\firebase-tools\lib\auth.js:141:12)
    at refreshTokens (C:\Users\K3vinn\AppData\Roaming\npm\node_modules\firebase-tools\lib\auth.js:448:15)
    at processTicksAndRejections (internal/process/task_queues.js:95:5)
    at async Client.getAccessToken (C:\Users\K3vinn\AppData\Roaming\npm\node_modules\firebase-tools\lib\apiv2.js:144:23)
    at async Client.addAuthHeader (C:\Users\K3vinn\AppData\Roaming\npm\node_modules\firebase-tools\lib\apiv2.js:135:21)
    at async Client.request (C:\Users\K3vinn\AppData\Roaming\npm\node_modules\firebase-tools\lib\apiv2.js:93:34)
    at async Object.getFirebaseProject (C:\Users\K3vinn\AppData\Roaming\npm\node_modules\firebase-tools\lib\management\projects.js:290:21)
    at async Object.getDefaultHostingSite (C:\Users\K3vinn\AppData\Roaming\npm\node_modules\firebase-tools\lib\getDefaultHostingSite.js:8:21)
    at async requireHostingSite (C:\Users\K3vinn\AppData\Roaming\npm\node_modules\firebase-tools\lib\requireHostingSite.js:9:18)
    at async Object.fn (C:\Users\K3vinn\AppData\Roaming\npm\node_modules\firebase-tools\lib\commands\deploy.js:65:9)
    at async C:\Users\K3vinn\AppData\Roaming\npm\node_modules\firebase-tools\lib\command.js:169:17
[error] 
[error] Error: Failed to get Firebase project e-clone-53ce2. Please make sure the project exists and your account has permission to access it.
